Array
(
)
Array
(
)
Array
(
)
Array
(
)
Array
(
)
Array
(
)
Array
(
)
Array
(
)
Array
(
)
Array
(
)
Array
(
)
Array
(
)
Array
(
)
Array
(
)
Array
(
)
Array
(
)
Array
(
)
Array
(
)
Array
(
)
Array
(
)
Array
(
)
Array
(
)
Array
(
)
Array
(
)
Array
(
)
Array
(
)
Array
(
)
Array
(
)
Array
(
)
Array
(
)
Array
(
)
Array
(
)
Array
(
)
Array
(
)
Array
(
)
Array
(
)
Array
(
)
Array
(
)
Array
(
)
Array
(
)
Array
(
)
Array
(
)
Array
(
)
Array
(
)
Array
(
)
Array
(
)
Array
(
)
Array
(
)
Array
(
)
Array
(
)
Array
(
)
Array
(
)
Array
(
)
Array
(
)
Array
(
)
Array
(
)
Array
(
)
Array
(
)
Array
(
)
Array
(
)
Array
(
)
Array
(
)
Array
(
)
Array
(
)
Array
(
)
Array
(
)
Array
(
)
Array
(
)
Array
(
)
Array
(
)
Array
(
)
Array
(
)
Array
(
)
Array
(
)
Array
(
)
Array
(
)
Array
(
)
Array
(
)
Array
(
)
Array
(
)
Array
(
)
Array
(
)
Array
(
)
Array
(
)
Array
(
)
Array
(
)
Array
(
)
Array
(
)
Array
(
)
Array
(
)
Array
(
)
Array
(
)
Array
(
)
Array
(
)
Array
(
    [note1] => 15
    [note2] => 12
    [note3] => 10
    [note4] => 16
    [total_notes] => 53.00
    [moyenne] => 13.25
    [action] => add_student
)
Array
(
    [note1] => 15
    [note2] => 12
    [note3] => 10
    [note4] => 16
    [total_notes] => 53.00
    [moyenne] => 13.25
    [action] => add_student
)
Array
(
    [note1] => 15
    [note2] => 12
    [note3] => 10
    [note4] => 16
    [total_notes] => 53.00
    [moyenne] => 13.25
    [action] => add_student
)
Array
(
    [note1] => 15
    [note2] => 12
    [note3] => 10
    [note4] => 16
    [total_notes] => 53.00
    [moyenne] => 13.25
    [action] => add_student
)
Array
(
    [note1] => 15
    [note2] => 12
    [note3] => 10
    [note4] => 16
    [total_notes] => 53.00
    [moyenne] => 13.25
    [action] => add_student
)
Array
(
    [note1] => 15
    [note2] => 12
    [note3] => 10
    [note4] => 16
    [total_notes] => 53.00
    [moyenne] => 13.25
    [action] => add_student
)
